{"numFailedTestSuites":1,"numFailedTests":0,"numPassedTestSuites":0,"numPassedTests":0,"numPendingTestSuites":0,"numPendingTests":0,"numRuntimeErrorTestSuites":1,"numTotalTestSuites":1,"numTotalTests":0,"snapshot":{"added":0,"didUpdate":false,"failure":false,"filesAdded":0,"filesRemoved":0,"filesUnmatched":0,"filesUpdated":0,"matched":0,"total":0,"unchecked":0,"uncheckedKeys":[],"unmatched":0,"updated":0},"startTime":1526159110996,"success":false,"testResults":[{"assertionResults":[],"coverage":{},"endTime":1526159111129,"message":"  \u001b[1m● \u001b[22mTest suite failed to run\n\n    Cannot find module 'request'\n      \n      \u001b[2mat \u001b[22m\u001b[0m\u001b[36mnode_modules/request-promise-native/lib/rp.js\u001b[39m\u001b[0m\u001b[2m:8:12\u001b[22m\n      \u001b[2mat module.exports (\u001b[22m\u001b[0m\u001b[36mnode_modules/stealthy-require/lib/index.js\u001b[39m\u001b[0m\u001b[2m:62:23)\u001b[22m\n      \u001b[2mat Object.<anonymous> (\u001b[22m\u001b[0m\u001b[36mnode_modules/request-promise-native/lib/rp.js\u001b[39m\u001b[0m\u001b[2m:7:15)\u001b[22m\n","name":"/Users/gabo/Workspace/t9keyboard/server/predictWords.test.js","startTime":1526159111129,"status":"failed","summary":""}],"wasInterrupted":false}