<?xml version="1.0" encoding="UTF-8"?>
<coverage generated="1526198655478" clover="3.2.0">
  <project timestamp="1526198655478" name="All files">
    <metrics statements="60" coveredstatements="58" conditionals="16" coveredconditionals="15" methods="25" coveredmethods="25" elements="101" coveredelements="98" complexity="0" loc="60" ncloc="60" packages="2" files="4" classes="4">
      <package name="app.t9">
        <metrics statements="44" coveredstatements="42" conditionals="8" coveredconditionals="7" methods="21" coveredmethods="21"/>
        <file name="t9.js" path="/Users/gabo/Workspace/t9keyboard/app/t9/t9.js">
          <metrics statements="42" coveredstatements="40" conditionals="8" coveredconditionals="7" methods="21" coveredmethods="21"/>
          <line num="6" count="51" type="stmt"/>
          <line num="11" count="3" type="stmt"/>
          <line num="16" count="2" type="cond" truecount="2" falsecount="0"/>
          <line num="17" count="2" type="stmt"/>
          <line num="21" count="1" type="stmt"/>
          <line num="22" count="27" type="stmt"/>
          <line num="25" count="2" type="cond" truecount="2" falsecount="0"/>
          <line num="27" count="1" type="stmt"/>
          <line num="28" count="1" type="stmt"/>
          <line num="29" count="2" type="stmt"/>
          <line num="30" count="2" type="stmt"/>
          <line num="32" count="0" type="stmt"/>
          <line num="36" count="1" type="stmt"/>
          <line num="37" count="10" type="stmt"/>
          <line num="38" count="10" type="stmt"/>
          <line num="39" count="10" type="stmt"/>
          <line num="40" count="10" type="stmt"/>
          <line num="44" count="2" type="cond" truecount="2" falsecount="0"/>
          <line num="45" count="1" type="stmt"/>
          <line num="47" count="1" type="stmt"/>
          <line num="48" count="2" type="stmt"/>
          <line num="54" count="4" type="stmt"/>
          <line num="55" count="2" type="stmt"/>
          <line num="60" count="1" type="stmt"/>
          <line num="61" count="6" type="stmt"/>
          <line num="62" count="81" type="stmt"/>
          <line num="64" count="11" type="stmt"/>
          <line num="65" count="6" type="stmt"/>
          <line num="68" count="6" type="stmt"/>
          <line num="69" count="11" type="cond" truecount="1" falsecount="1"/>
          <line num="70" count="0" type="stmt"/>
          <line num="73" count="6" type="stmt"/>
          <line num="77" count="1" type="stmt"/>
          <line num="78" count="1" type="stmt"/>
          <line num="79" count="1" type="stmt"/>
          <line num="80" count="1" type="stmt"/>
          <line num="84" count="1" type="stmt"/>
          <line num="85" count="1" type="stmt"/>
          <line num="86" count="1" type="stmt"/>
          <line num="87" count="1" type="stmt"/>
          <line num="88" count="1" type="stmt"/>
          <line num="90" count="1" type="stmt"/>
        </file>
        <file name="t9.mapKey.js" path="/Users/gabo/Workspace/t9keyboard/app/t9/t9.mapKey.js">
          <metrics statements="2" coveredstatements="2" conditionals="0" coveredconditionals="0" methods="0" coveredmethods="0"/>
          <line num="1" count="1" type="stmt"/>
          <line num="16" count="1" type="stmt"/>
        </file>
      </package>
      <package name="server">
        <metrics statements="16" coveredstatements="16" conditionals="8" coveredconditionals="8" methods="4" coveredmethods="4"/>
        <file name="1000words.js" path="/Users/gabo/Workspace/t9keyboard/server/1000words.js">
          <metrics statements="0" coveredstatements="0" conditionals="0" coveredconditionals="0" methods="0" coveredmethods="0"/>
        </file>
        <file name="predictiveWords.js" path="/Users/gabo/Workspace/t9keyboard/server/predictiveWords.js">
          <metrics statements="16" coveredstatements="16" conditionals="8" coveredconditionals="8" methods="4" coveredmethods="4"/>
          <line num="3" count="1" type="stmt"/>
          <line num="14" count="1" type="stmt"/>
          <line num="15" count="15" type="stmt"/>
          <line num="16" count="15" type="stmt"/>
          <line num="17" count="50" type="stmt"/>
          <line num="18" count="50000" type="cond" truecount="4" falsecount="0"/>
          <line num="19" count="314" type="stmt"/>
          <line num="23" count="15" type="stmt"/>
          <line num="26" count="1" type="stmt"/>
          <line num="27" count="4" type="stmt"/>
          <line num="28" count="4" type="stmt"/>
          <line num="29" count="4" type="stmt"/>
          <line num="31" count="4" type="stmt"/>
          <line num="32" count="21" type="cond" truecount="4" falsecount="0"/>
          <line num="33" count="14" type="stmt"/>
          <line num="36" count="4" type="stmt"/>
        </file>
      </package>
    </metrics>
  </project>
</coverage>
