{"/Users/gabo/Workspace/t9keyboard/app/t9/t9.js": {"path":"/Users/gabo/Workspace/t9keyboard/app/t9/t9.js","statementMap":{"0":{"start":{"line":6,"column":2},"end":{"line":6,"column":60}},"1":{"start":{"line":6,"column":29},"end":{"line":6,"column":58}},"2":{"start":{"line":11,"column":2},"end":{"line":11,"column":27}},"3":{"start":{"line":16,"column":2},"end":{"line":16,"column":67}},"4":{"start":{"line":16,"column":33},"end":{"line":16,"column":67}},"5":{"start":{"line":17,"column":2},"end":{"line":17,"column":54}},"6":{"start":{"line":17,"column":27},"end":{"line":17,"column":52}},"7":{"start":{"line":21,"column":25},"end":{"line":22,"column":72}},"8":{"start":{"line":22,"column":2},"end":{"line":22,"column":72}},"9":{"start":{"line":22,"column":70},"end":{"line":22,"column":71}},"10":{"start":{"line":25,"column":2},"end":{"line":25,"column":64}},"11":{"start":{"line":25,"column":33},"end":{"line":25,"column":64}},"12":{"start":{"line":27,"column":21},"end":{"line":27,"column":44}},"13":{"start":{"line":28,"column":2},"end":{"line":31,"column":5}},"14":{"start":{"line":29,"column":20},"end":{"line":29,"column":47}},"15":{"start":{"line":30,"column":4},"end":{"line":30,"column":28}},"16":{"start":{"line":32,"column":2},"end":{"line":32,"column":20}},"17":{"start":{"line":36,"column":24},"end":{"line":41,"column":1}},"18":{"start":{"line":37,"column":17},"end":{"line":37,"column":37}},"19":{"start":{"line":38,"column":20},"end":{"line":38,"column":33}},"20":{"start":{"line":39,"column":25},"end":{"line":39,"column":54}},"21":{"start":{"line":40,"column":2},"end":{"line":40,"column":24}},"22":{"start":{"line":44,"column":2},"end":{"line":46,"column":3}},"23":{"start":{"line":45,"column":4},"end":{"line":45,"column":54}},"24":{"start":{"line":47,"column":2},"end":{"line":49,"column":5}},"25":{"start":{"line":48,"column":4},"end":{"line":48,"column":37}},"26":{"start":{"line":54,"column":22},"end":{"line":54,"column":54}},"27":{"start":{"line":54,"column":40},"end":{"line":54,"column":53}},"28":{"start":{"line":55,"column":2},"end":{"line":55,"column":31}},"29":{"start":{"line":60,"column":34},"end":{"line":74,"column":1}},"30":{"start":{"line":61,"column":21},"end":{"line":63,"column":4}},"31":{"start":{"line":62,"column":4},"end":{"line":62,"column":47}},"32":{"start":{"line":62,"column":33},"end":{"line":62,"column":45}},"33":{"start":{"line":64,"column":20},"end":{"line":64,"column":69}},"34":{"start":{"line":64,"column":55},"end":{"line":64,"column":68}},"35":{"start":{"line":65,"column":17},"end":{"line":65,"column":65}},"36":{"start":{"line":68,"column":2},"end":{"line":72,"column":5}},"37":{"start":{"line":69,"column":4},"end":{"line":71,"column":5}},"38":{"start":{"line":70,"column":6},"end":{"line":70,"column":39}},"39":{"start":{"line":73,"column":2},"end":{"line":73,"column":25}},"40":{"start":{"line":77,"column":25},"end":{"line":81,"column":1}},"41":{"start":{"line":78,"column":18},"end":{"line":78,"column":32}},"42":{"start":{"line":79,"column":17},"end":{"line":79,"column":57}},"43":{"start":{"line":80,"column":2},"end":{"line":80,"column":16}},"44":{"start":{"line":84,"column":25},"end":{"line":91,"column":1}},"45":{"start":{"line":85,"column":22},"end":{"line":85,"column":42}},"46":{"start":{"line":86,"column":21},"end":{"line":86,"column":48}},"47":{"start":{"line":87,"column":16},"end":{"line":87,"column":41}},"48":{"start":{"line":88,"column":17},"end":{"line":88,"column":35}},"49":{"start":{"line":90,"column":2},"end":{"line":90,"column":33}}},"fnMap":{"0":{"name":"getMapKey","decl":{"start":{"line":5,"column":16},"end":{"line":5,"column":25}},"loc":{"start":{"line":5,"column":34},"end":{"line":7,"column":1}},"line":5},"1":{"name":"(anonymous_1)","decl":{"start":{"line":6,"column":22},"end":{"line":6,"column":23}},"loc":{"start":{"line":6,"column":29},"end":{"line":6,"column":58}},"line":6},"2":{"name":"splitByWords","decl":{"start":{"line":10,"column":16},"end":{"line":10,"column":28}},"loc":{"start":{"line":10,"column":37},"end":{"line":12,"column":1}},"line":10},"3":{"name":"splitBySeparator","decl":{"start":{"line":15,"column":16},"end":{"line":15,"column":32}},"loc":{"start":{"line":15,"column":40},"end":{"line":18,"column":1}},"line":15},"4":{"name":"(anonymous_4)","decl":{"start":{"line":17,"column":19},"end":{"line":17,"column":20}},"loc":{"start":{"line":17,"column":27},"end":{"line":17,"column":52}},"line":17},"5":{"name":"(anonymous_5)","decl":{"start":{"line":21,"column":25},"end":{"line":21,"column":26}},"loc":{"start":{"line":22,"column":2},"end":{"line":22,"column":72}},"line":22},"6":{"name":"(anonymous_6)","decl":{"start":{"line":22,"column":65},"end":{"line":22,"column":66}},"loc":{"start":{"line":22,"column":70},"end":{"line":22,"column":71}},"line":22},"7":{"name":"splitByLetters","decl":{"start":{"line":24,"column":16},"end":{"line":24,"column":30}},"loc":{"start":{"line":24,"column":38},"end":{"line":33,"column":1}},"line":24},"8":{"name":"(anonymous_8)","decl":{"start":{"line":28,"column":24},"end":{"line":28,"column":25}},"loc":{"start":{"line":28,"column":33},"end":{"line":31,"column":3}},"line":28},"9":{"name":"(anonymous_9)","decl":{"start":{"line":36,"column":24},"end":{"line":36,"column":25}},"loc":{"start":{"line":36,"column":34},"end":{"line":41,"column":1}},"line":36},"10":{"name":"keyToAlphabet","decl":{"start":{"line":43,"column":16},"end":{"line":43,"column":29}},"loc":{"start":{"line":43,"column":43},"end":{"line":50,"column":1}},"line":43},"11":{"name":"(anonymous_11)","decl":{"start":{"line":47,"column":25},"end":{"line":47,"column":26}},"loc":{"start":{"line":47,"column":33},"end":{"line":49,"column":3}},"line":47},"12":{"name":"concatWords","decl":{"start":{"line":53,"column":16},"end":{"line":53,"column":27}},"loc":{"start":{"line":53,"column":35},"end":{"line":56,"column":1}},"line":53},"13":{"name":"(anonymous_13)","decl":{"start":{"line":54,"column":32},"end":{"line":54,"column":33}},"loc":{"start":{"line":54,"column":40},"end":{"line":54,"column":53}},"line":54},"14":{"name":"(anonymous_14)","decl":{"start":{"line":60,"column":34},"end":{"line":60,"column":35}},"loc":{"start":{"line":60,"column":44},"end":{"line":74,"column":1}},"line":60},"15":{"name":"(anonymous_15)","decl":{"start":{"line":61,"column":34},"end":{"line":61,"column":35}},"loc":{"start":{"line":61,"column":41},"end":{"line":63,"column":3}},"line":61},"16":{"name":"(anonymous_16)","decl":{"start":{"line":62,"column":28},"end":{"line":62,"column":29}},"loc":{"start":{"line":62,"column":33},"end":{"line":62,"column":45}},"line":62},"17":{"name":"(anonymous_17)","decl":{"start":{"line":64,"column":49},"end":{"line":64,"column":50}},"loc":{"start":{"line":64,"column":55},"end":{"line":64,"column":68}},"line":64},"18":{"name":"(anonymous_18)","decl":{"start":{"line":68,"column":13},"end":{"line":68,"column":14}},"loc":{"start":{"line":68,"column":30},"end":{"line":72,"column":3}},"line":68},"19":{"name":"(anonymous_19)","decl":{"start":{"line":77,"column":25},"end":{"line":77,"column":26}},"loc":{"start":{"line":77,"column":40},"end":{"line":81,"column":1}},"line":77},"20":{"name":"(anonymous_20)","decl":{"start":{"line":84,"column":25},"end":{"line":84,"column":26}},"loc":{"start":{"line":84,"column":42},"end":{"line":91,"column":1}},"line":84}},"branchMap":{"0":{"loc":{"start":{"line":16,"column":2},"end":{"line":16,"column":67}},"type":"if","locations":[{"start":{"line":16,"column":2},"end":{"line":16,"column":67}},{"start":{"line":16,"column":2},"end":{"line":16,"column":67}}],"line":16},"1":{"loc":{"start":{"line":25,"column":2},"end":{"line":25,"column":64}},"type":"if","locations":[{"start":{"line":25,"column":2},"end":{"line":25,"column":64}},{"start":{"line":25,"column":2},"end":{"line":25,"column":64}}],"line":25},"2":{"loc":{"start":{"line":44,"column":2},"end":{"line":46,"column":3}},"type":"if","locations":[{"start":{"line":44,"column":2},"end":{"line":46,"column":3}},{"start":{"line":44,"column":2},"end":{"line":46,"column":3}}],"line":44},"3":{"loc":{"start":{"line":69,"column":4},"end":{"line":71,"column":5}},"type":"if","locations":[{"start":{"line":69,"column":4},"end":{"line":71,"column":5}},{"start":{"line":69,"column":4},"end":{"line":71,"column":5}}],"line":69}},"s":{"0":11,"1":51,"2":3,"3":2,"4":1,"5":1,"6":2,"7":1,"8":3,"9":27,"10":2,"11":1,"12":1,"13":1,"14":2,"15":2,"16":0,"17":1,"18":10,"19":10,"20":10,"21":10,"22":2,"23":1,"24":1,"25":2,"26":2,"27":4,"28":2,"29":1,"30":6,"31":27,"32":81,"33":6,"34":11,"35":6,"36":6,"37":11,"38":0,"39":6,"40":1,"41":1,"42":1,"43":1,"44":1,"45":1,"46":1,"47":1,"48":1,"49":1},"f":{"0":11,"1":51,"2":3,"3":2,"4":2,"5":3,"6":27,"7":2,"8":2,"9":10,"10":2,"11":2,"12":2,"13":4,"14":6,"15":27,"16":81,"17":11,"18":11,"19":1,"20":1},"b":{"0":[1,1],"1":[1,1],"2":[1,1],"3":[0,11]},"_coverageSchema":"332fd63041d2c1bcb487cc26dd0d5f7d97098a6c","hash":"d6a9ba9e2cf038ec14c37bf89f9e09133896e964"}
,"/Users/gabo/Workspace/t9keyboard/app/t9/t9.mapKey.js": {"path":"/Users/gabo/Workspace/t9keyboard/app/t9/t9.mapKey.js","statementMap":{"0":{"start":{"line":1,"column":23},"end":{"line":14,"column":1}},"1":{"start":{"line":16,"column":29},"end":{"line":16,"column":32}}},"fnMap":{},"branchMap":{},"s":{"0":1,"1":1},"f":{},"b":{},"_coverageSchema":"332fd63041d2c1bcb487cc26dd0d5f7d97098a6c","hash":"db0e277fd1a13cc95e2e419eb32ea10e397fce9f"}
,"/Users/gabo/Workspace/t9keyboard/server/1000words.js": {"path":"/Users/gabo/Workspace/t9keyboard/server/1000words.js","statementMap":{},"fnMap":{},"branchMap":{},"s":{},"f":{},"b":{},"_coverageSchema":"332fd63041d2c1bcb487cc26dd0d5f7d97098a6c","hash":"6b392e7c97184628dbdb7f71d6a0c242c562e24e"}
,"/Users/gabo/Workspace/t9keyboard/server/predictiveWords.js": {"path":"/Users/gabo/Workspace/t9keyboard/server/predictiveWords.js","statementMap":{"0":{"start":{"line":3,"column":13},"end":{"line":12,"column":1}},"1":{"start":{"line":14,"column":33},"end":{"line":24,"column":1}},"2":{"start":{"line":15,"column":18},"end":{"line":15,"column":20}},"3":{"start":{"line":16,"column":2},"end":{"line":22,"column":3}},"4":{"start":{"line":17,"column":4},"end":{"line":21,"column":7}},"5":{"start":{"line":18,"column":6},"end":{"line":20,"column":7}},"6":{"start":{"line":19,"column":8},"end":{"line":19,"column":27}},"7":{"start":{"line":23,"column":2},"end":{"line":23,"column":17}},"8":{"start":{"line":26,"column":32},"end":{"line":37,"column":1}},"9":{"start":{"line":27,"column":20},"end":{"line":27,"column":47}},"10":{"start":{"line":28,"column":21},"end":{"line":28,"column":37}},"11":{"start":{"line":29,"column":28},"end":{"line":29,"column":30}},"12":{"start":{"line":31,"column":2},"end":{"line":34,"column":5}},"13":{"start":{"line":32,"column":4},"end":{"line":32,"column":62}},"14":{"start":{"line":32,"column":52},"end":{"line":32,"column":62}},"15":{"start":{"line":33,"column":4},"end":{"line":33,"column":72}},"16":{"start":{"line":36,"column":2},"end":{"line":36,"column":34}}},"fnMap":{"0":{"name":"(anonymous_0)","decl":{"start":{"line":14,"column":33},"end":{"line":14,"column":34}},"loc":{"start":{"line":14,"column":65},"end":{"line":24,"column":1}},"line":14},"1":{"name":"(anonymous_1)","decl":{"start":{"line":17,"column":22},"end":{"line":17,"column":23}},"loc":{"start":{"line":17,"column":30},"end":{"line":21,"column":5}},"line":17},"2":{"name":"(anonymous_2)","decl":{"start":{"line":26,"column":32},"end":{"line":26,"column":33}},"loc":{"start":{"line":26,"column":42},"end":{"line":37,"column":1}},"line":26},"3":{"name":"(anonymous_3)","decl":{"start":{"line":31,"column":20},"end":{"line":31,"column":21}},"loc":{"start":{"line":31,"column":36},"end":{"line":34,"column":3}},"line":31}},"branchMap":{"0":{"loc":{"start":{"line":18,"column":6},"end":{"line":20,"column":7}},"type":"if","locations":[{"start":{"line":18,"column":6},"end":{"line":20,"column":7}},{"start":{"line":18,"column":6},"end":{"line":20,"column":7}}],"line":18},"1":{"loc":{"start":{"line":18,"column":10},"end":{"line":18,"column":62}},"type":"binary-expr","locations":[{"start":{"line":18,"column":10},"end":{"line":18,"column":36}},{"start":{"line":18,"column":40},"end":{"line":18,"column":62}}],"line":18},"2":{"loc":{"start":{"line":32,"column":4},"end":{"line":32,"column":62}},"type":"if","locations":[{"start":{"line":32,"column":4},"end":{"line":32,"column":62}},{"start":{"line":32,"column":4},"end":{"line":32,"column":62}}],"line":32},"3":{"loc":{"start":{"line":32,"column":8},"end":{"line":32,"column":50}},"type":"binary-expr","locations":[{"start":{"line":32,"column":8},"end":{"line":32,"column":38}},{"start":{"line":32,"column":42},"end":{"line":32,"column":50}}],"line":32}},"s":{"0":1,"1":1,"2":15,"3":15,"4":50,"5":50000,"6":314,"7":15,"8":1,"9":4,"10":4,"11":4,"12":4,"13":21,"14":7,"15":14,"16":4},"f":{"0":15,"1":50000,"2":4,"3":21},"b":{"0":[314,49686],"1":[50000,6272],"2":[7,14],"3":[21,14]},"_coverageSchema":"332fd63041d2c1bcb487cc26dd0d5f7d97098a6c","hash":"87fceba29a8e42c16aa1c8247a62df646fc7d26e"}
}
