TN:
SF:/Users/gabo/Workspace/t9keyboard/app/t9/t9.js
FN:5,getMapKey
FN:6,(anonymous_1)
FN:10,splitByWords
FN:15,splitBySeparator
FN:17,(anonymous_4)
FN:21,(anonymous_5)
FN:22,(anonymous_6)
FN:24,splitByLetters
FN:28,(anonymous_8)
FN:36,(anonymous_9)
FN:43,keyToAlphabet
FN:47,(anonymous_11)
FN:53,concatWords
FN:54,(anonymous_13)
FN:60,(anonymous_14)
FN:61,(anonymous_15)
FN:62,(anonymous_16)
FN:64,(anonymous_17)
FN:68,(anonymous_18)
FN:77,(anonymous_19)
FN:84,(anonymous_20)
FNF:21
FNH:21
FNDA:11,getMapKey
FNDA:51,(anonymous_1)
FNDA:3,splitByWords
FNDA:2,splitBySeparator
FNDA:2,(anonymous_4)
FNDA:3,(anonymous_5)
FNDA:27,(anonymous_6)
FNDA:2,splitByLetters
FNDA:2,(anonymous_8)
FNDA:10,(anonymous_9)
FNDA:2,keyToAlphabet
FNDA:2,(anonymous_11)
FNDA:2,concatWords
FNDA:4,(anonymous_13)
FNDA:6,(anonymous_14)
FNDA:27,(anonymous_15)
FNDA:81,(anonymous_16)
FNDA:11,(anonymous_17)
FNDA:11,(anonymous_18)
FNDA:1,(anonymous_19)
FNDA:1,(anonymous_20)
DA:6,51
DA:11,3
DA:16,2
DA:17,2
DA:21,1
DA:22,27
DA:25,2
DA:27,1
DA:28,1
DA:29,2
DA:30,2
DA:32,0
DA:36,1
DA:37,10
DA:38,10
DA:39,10
DA:40,10
DA:44,2
DA:45,1
DA:47,1
DA:48,2
DA:54,4
DA:55,2
DA:60,1
DA:61,6
DA:62,81
DA:64,11
DA:65,6
DA:68,6
DA:69,11
DA:70,0
DA:73,6
DA:77,1
DA:78,1
DA:79,1
DA:80,1
DA:84,1
DA:85,1
DA:86,1
DA:87,1
DA:88,1
DA:90,1
LF:42
LH:40
BRDA:16,0,0,1
BRDA:16,0,1,1
BRDA:25,1,0,1
BRDA:25,1,1,1
BRDA:44,2,0,1
BRDA:44,2,1,1
BRDA:69,3,0,0
BRDA:69,3,1,11
BRF:8
BRH:7
end_of_record
TN:
SF:/Users/gabo/Workspace/t9keyboard/app/t9/t9.mapKey.js
FNF:0
FNH:0
DA:1,1
DA:16,1
LF:2
LH:2
BRF:0
BRH:0
end_of_record
TN:
SF:/Users/gabo/Workspace/t9keyboard/server/1000words.js
FNF:0
FNH:0
LF:0
LH:0
BRF:0
BRH:0
end_of_record
TN:
SF:/Users/gabo/Workspace/t9keyboard/server/predictiveWords.js
FN:14,(anonymous_0)
FN:17,(anonymous_1)
FN:26,(anonymous_2)
FN:31,(anonymous_3)
FNF:4
FNH:4
FNDA:15,(anonymous_0)
FNDA:50000,(anonymous_1)
FNDA:4,(anonymous_2)
FNDA:21,(anonymous_3)
DA:3,1
DA:14,1
DA:15,15
DA:16,15
DA:17,50
DA:18,50000
DA:19,314
DA:23,15
DA:26,1
DA:27,4
DA:28,4
DA:29,4
DA:31,4
DA:32,21
DA:33,14
DA:36,4
LF:16
LH:16
BRDA:18,0,0,314
BRDA:18,0,1,49686
BRDA:18,1,0,50000
BRDA:18,1,1,6272
BRDA:32,2,0,7
BRDA:32,2,1,14
BRDA:32,3,0,21
BRDA:32,3,1,14
BRF:8
BRH:8
end_of_record
